<?xml version="1.0" encoding="UTF-8"?>
<testsuite xmlns:xsi="http://www.w3.org/2001/XMLSchema-instance" xsi:noNamespaceSchemaLocation="https://maven.apache.org/surefire/maven-surefire-plugin/xsd/surefire-test-report.xsd" version="3.0.2" name="com.API.Documents_Management.DocumentsManagementApplicationTests" time="5.569" tests="1" errors="0" skipped="0" failures="0">
  <properties>
[...]
</properties>
  <testcase name="contextLoads" classname="com.API.Documents_Management.DocumentsManagementApplicationTests" time="0.262">
    <system-out><![CDATA[Standard Commons Logging discovery in action with spring-jcl: please remove commons-logging.jar from classpath in order to avoid potential conflicts
12:05:20.749 [main] INFO org.springframework.test.context.support.AnnotationConfigContextLoaderUtils -- Could not detect default configuration classes for test class [com.API.Documents_Management.DocumentsManagementApplicationTests]: DocumentsManagementApplicationTests does not declare any static, non-private, non-final, nested classes annotated with @Configuration.
12:05:20.832 [main] INFO org.springframework.boot.test.context.SpringBootTestContextBootstrapper -- Found @SpringBootConfiguration com.API.Documents_Management.DocumentsManagementApplication for test class com.API.Documents_Management.DocumentsManagementApplicationTests
12:05:20.935 [main] INFO org.springframework.boot.devtools.restart.RestartApplicationListener -- Restart disabled due to context in which it is running

  .   ____          _            __ _ _
 /\\ / ___'_ __ _ _(_)_ __  __ _ \ \ \ \
( ( )\___ | '_ | '_| | '_ \/ _` | \ \ \ \
 \\/  ___)| |_)| | | | | || (_| |  ) ) ) )
  '  |____| .__|_| |_|_| |_\__, | / / / /
 =========|_|==============|___/=/_/_/_/

 :: Spring Boot ::                (v3.4.5)

2025-07-02T12:05:21.092+02:00  INFO 15540 --- [           main] .A.D.DocumentsManagementApplicationTests : Starting DocumentsManagementApplicationTests using Java 18.0.2.1 with PID 15540 (started by HP in C:\Users\HP\Desktop\SPRING\Modules\WebSocket Notification)
2025-07-02T12:05:21.093+02:00  INFO 15540 --- [           main] .A.D.DocumentsManagementApplicationTests : No active profile set, falling back to 1 default profile: "default"
2025-07-02T12:05:21.688+02:00  INFO 15540 --- [           main] .s.d.r.c.RepositoryConfigurationDelegate : Bootstrapping Spring Data JPA repositories in DEFAULT mode.
2025-07-02T12:05:21.760+02:00  INFO 15540 --- [           main] .s.d.r.c.RepositoryConfigurationDelegate : Finished Spring Data repository scanning in 61 ms. Found 11 JPA repository interfaces.
2025-07-02T12:05:22.228+02:00  INFO 15540 --- [           main] o.hibernate.jpa.internal.util.LogHelper  : HHH000204: Processing PersistenceUnitInfo [name: default]
2025-07-02T12:05:22.296+02:00  INFO 15540 --- [           main] org.hibernate.Version                    : HHH000412: Hibernate ORM core version 6.6.13.Final
2025-07-02T12:05:22.330+02:00  INFO 15540 --- [           main] o.h.c.internal.RegionFactoryInitiator    : HHH000026: Second-level cache disabled
2025-07-02T12:05:22.598+02:00  INFO 15540 --- [           main] o.s.o.j.p.SpringPersistenceUnitInfo      : No LoadTimeWeaver setup: ignoring JPA class transformer
2025-07-02T12:05:22.623+02:00  INFO 15540 --- [           main] com.zaxxer.hikari.HikariDataSource       : HikariPool-1 - Starting...
2025-07-02T12:05:22.867+02:00  INFO 15540 --- [           main] com.zaxxer.hikari.pool.HikariPool        : HikariPool-1 - Added connection org.postgresql.jdbc.PgConnection@a44effb
2025-07-02T12:05:22.869+02:00  INFO 15540 --- [           main] com.zaxxer.hikari.HikariDataSource       : HikariPool-1 - Start completed.
2025-07-02T12:05:22.891+02:00  WARN 15540 --- [           main] org.hibernate.orm.deprecation            : HHH90000025: PostgreSQLDialect does not need to be specified explicitly using 'hibernate.dialect' (remove the property setting and it will be selected by default)
2025-07-02T12:05:22.904+02:00  INFO 15540 --- [           main] org.hibernate.orm.connections.pooling    : HHH10001005: Database info:
	Database JDBC URL [Connecting through datasource 'HikariDataSource (HikariPool-1)']
	Database driver: undefined/unknown
	Database version: 17.2
	Autocommit mode: undefined/unknown
	Isolation level: undefined/unknown
	Minimum pool size: undefined/unknown
	Maximum pool size: undefined/unknown
2025-07-02T12:05:23.756+02:00  INFO 15540 --- [           main] o.h.e.t.j.p.i.JtaPlatformInitiator       : HHH000489: No JTA platform available (set 'hibernate.transaction.jta.platform' to enable JTA platform integration)
2025-07-02T12:05:24.270+02:00  INFO 15540 --- [           main] j.LocalContainerEntityManagerFactoryBean : Initialized JPA EntityManagerFactory for persistence unit 'default'
2025-07-02T12:05:24.553+02:00  INFO 15540 --- [           main] o.s.d.j.r.query.QueryEnhancerFactory     : Hibernate is in classpath; If applicable, HQL parser will be used.
2025-07-02T12:05:25.223+02:00  INFO 15540 --- [           main] eAuthenticationProviderManagerConfigurer : Global AuthenticationManager configured with AuthenticationProvider bean with name authenticationProvider
2025-07-02T12:05:25.223+02:00  WARN 15540 --- [           main] r$InitializeUserDetailsManagerConfigurer : Global AuthenticationManager configured with an AuthenticationProvider bean. UserDetailsService beans will not be used by Spring Security for automatically configuring username/password login. Consider removing the AuthenticationProvider bean. Alternatively, consider using the UserDetailsService in a manually instantiated DaoAuthenticationProvider. If the current configuration is intentional, to turn off this warning, increase the logging level of 'org.springframework.security.config.annotation.authentication.configuration.InitializeUserDetailsBeanManagerConfigurer' to ERROR
2025-07-02T12:05:25.341+02:00  WARN 15540 --- [           main] JpaBaseConfiguration$JpaWebConfiguration : spring.jpa.open-in-view is enabled by default. Therefore, database queries may be performed during view rendering. Explicitly configure spring.jpa.open-in-view to disable this warning
2025-07-02T12:05:25.922+02:00  INFO 15540 --- [           main] o.s.m.s.b.SimpleBrokerMessageHandler     : Starting...
2025-07-02T12:05:25.923+02:00  INFO 15540 --- [           main] o.s.m.s.b.SimpleBrokerMessageHandler     : BrokerAvailabilityEvent[available=true, SimpleBrokerMessageHandler [org.springframework.messaging.simp.broker.DefaultSubscriptionRegistry@3d7c21b7]]
2025-07-02T12:05:25.923+02:00  INFO 15540 --- [           main] o.s.m.s.b.SimpleBrokerMessageHandler     : Started.
2025-07-02T12:05:25.933+02:00  INFO 15540 --- [           main] .A.D.DocumentsManagementApplicationTests : Started DocumentsManagementApplicationTests in 5.007 seconds (process running for 5.679)
Application started successfully... 
]]></system-out>
  </testcase>
</testsuite>